<?xml version="1.0" encoding="UTF-8"?>
<testng-results ignored="0" total="1" passed="1" failed="0" skipped="0">
  <reporter-output>
    <line>
      <![CDATA[openbrowser]]>
    </line>
    <line>
      <![CDATA[login]]>
    </line>
    <line>
      <![CDATA[createcustomer]]>
    </line>
    <line>
      <![CDATA[customer successfully created]]>
    </line>
    <line>
      <![CDATA[logout]]>
    </line>
    <line>
      <![CDATA[closebrowser]]>
    </line>
  </reporter-output>
  <suite started-at="2021-07-15T14:50:24 IST" name="Default suite" finished-at="2021-07-15T14:50:49 IST" duration-ms="25559">
    <groups>
    </groups>
    <test started-at="2021-07-15T14:50:24 IST" name="Default test" finished-at="2021-07-15T14:50:49 IST" duration-ms="25559">
      <class name="com.actitime.testscripts.CustomerModule">
        <test-method is-config="true" signature="openBrowser()[pri:0, instance:com.actitime.testscripts.CustomerModule@71def8f8]" started-at="2021-07-15T14:50:24 IST" name="openBrowser" finished-at="2021-07-15T14:50:26 IST" duration-ms="1745" status="PASS">
          <reporter-output>
            <line>
              <![CDATA[openbrowser]]>
            </line>
          </reporter-output>
        </test-method> <!-- openBrowser -->
        <test-method is-config="true" signature="login()[pri:0, instance:com.actitime.testscripts.CustomerModule@71def8f8]" started-at="2021-07-15T14:50:26 IST" name="login" finished-at="2021-07-15T14:50:37 IST" duration-ms="11091" status="PASS">
          <reporter-output>
            <line>
              <![CDATA[login]]>
            </line>
          </reporter-output>
        </test-method> <!-- login -->
        <test-method signature="testCreateCustomer()[pri:0, instance:com.actitime.testscripts.CustomerModule@71def8f8]" started-at="2021-07-15T14:50:37 IST" name="testCreateCustomer" finished-at="2021-07-15T14:50:47 IST" duration-ms="10492" status="PASS">
          <reporter-output>
            <line>
              <![CDATA[createcustomer]]>
            </line>
            <line>
              <![CDATA[customer successfully created]]>
            </line>
          </reporter-output>
        </test-method> <!-- testCreateCustomer -->
        <test-method is-config="true" signature="logout()[pri:0, instance:com.actitime.testscripts.CustomerModule@71def8f8]" started-at="2021-07-15T14:50:47 IST" name="logout" finished-at="2021-07-15T14:50:49 IST" duration-ms="2120" status="PASS">
          <reporter-output>
            <line>
              <![CDATA[logout]]>
            </line>
          </reporter-output>
        </test-method> <!-- logout -->
        <test-method is-config="true" signature="closeBrowser()[pri:0, instance:com.actitime.testscripts.CustomerModule@71def8f8]" started-at="2021-07-15T14:50:49 IST" name="closeBrowser" finished-at="2021-07-15T14:50:49 IST" duration-ms="80" status="PASS">
          <reporter-output>
            <line>
              <![CDATA[closebrowser]]>
            </line>
          </reporter-output>
        </test-method> <!-- closeBrowser -->
      </class> <!-- com.actitime.testscripts.CustomerModule -->
    </test> <!-- Default test -->
  </suite> <!-- Default suite -->
</testng-results>
